{"/Users/juliendemarque/Documents/Programming-Coding/react-happy-video/library/lib/components/ProgressBar/index.js": {"path":"/Users/juliendemarque/Documents/Programming-Coding/react-happy-video/library/lib/components/ProgressBar/index.js","statementMap":{"0":{"start":{"line":9,"column":2},"end":{"line":9,"column":15}},"1":{"start":{"line":10,"column":2},"end":{"line":10,"column":53}},"2":{"start":{"line":14,"column":18},"end":{"line":14,"column":37}},"3":{"start":{"line":15,"column":12},"end":{"line":15,"column":64}},"4":{"start":{"line":16,"column":16},"end":{"line":16,"column":35}},"5":{"start":{"line":17,"column":19},"end":{"line":17,"column":28}},"6":{"start":{"line":18,"column":2},"end":{"line":18,"column":39}},"7":{"start":{"line":22,"column":35},"end":{"line":22,"column":45}},"8":{"start":{"line":23,"column":2},"end":{"line":29,"column":4}},"9":{"start":{"line":33,"column":0},"end":{"line":35,"column":2}}},"fnMap":{"0":{"name":"(anonymous_0)","decl":{"start":{"line":8,"column":1},"end":{"line":8,"column":2}},"loc":{"start":{"line":8,"column":20},"end":{"line":11,"column":2}},"line":8},"1":{"name":"(anonymous_1)","decl":{"start":{"line":13,"column":1},"end":{"line":13,"column":2}},"loc":{"start":{"line":13,"column":22},"end":{"line":19,"column":2}},"line":13},"2":{"name":"(anonymous_2)","decl":{"start":{"line":21,"column":1},"end":{"line":21,"column":2}},"loc":{"start":{"line":21,"column":10},"end":{"line":30,"column":2}},"line":21}},"branchMap":{},"s":{"0":2,"1":2,"2":1,"3":1,"4":1,"5":1,"6":1,"7":2,"8":2,"9":1},"f":{"0":2,"1":1,"2":2},"b":{},"_coverageSchema":"332fd63041d2c1bcb487cc26dd0d5f7d97098a6c","hash":"05429eb31a51eeec5764d590255520547e2aa782"}
,"/Users/juliendemarque/Documents/Programming-Coding/react-happy-video/library/lib/components/SpeedControl/index.js": {"path":"/Users/juliendemarque/Documents/Programming-Coding/react-happy-video/library/lib/components/SpeedControl/index.js","statementMap":{"0":{"start":{"line":17,"column":2},"end":{"line":17,"column":15}},"1":{"start":{"line":21,"column":51},"end":{"line":21,"column":61}},"2":{"start":{"line":22,"column":2},"end":{"line":35,"column":4}},"3":{"start":{"line":39,"column":0},"end":{"line":43,"column":2}}},"fnMap":{"0":{"name":"(anonymous_0)","decl":{"start":{"line":16,"column":1},"end":{"line":16,"column":2}},"loc":{"start":{"line":16,"column":20},"end":{"line":18,"column":2}},"line":16},"1":{"name":"(anonymous_1)","decl":{"start":{"line":20,"column":1},"end":{"line":20,"column":2}},"loc":{"start":{"line":20,"column":10},"end":{"line":36,"column":2}},"line":20}},"branchMap":{},"s":{"0":3,"1":3,"2":3,"3":1},"f":{"0":3,"1":3},"b":{},"_coverageSchema":"332fd63041d2c1bcb487cc26dd0d5f7d97098a6c","hash":"87c45e495bfdac2608485d463f07951f07be3311"}
,"/Users/juliendemarque/Documents/Programming-Coding/react-happy-video/library/lib/components/TimeDisplay/index.js": {"path":"/Users/juliendemarque/Documents/Programming-Coding/react-happy-video/library/lib/components/TimeDisplay/index.js","statementMap":{"0":{"start":{"line":8,"column":2},"end":{"line":8,"column":15}},"1":{"start":{"line":11,"column":29},"end":{"line":11,"column":39}},"2":{"start":{"line":12,"column":2},"end":{"line":18,"column":4}},"3":{"start":{"line":22,"column":0},"end":{"line":25,"column":2}}},"fnMap":{"0":{"name":"(anonymous_0)","decl":{"start":{"line":7,"column":1},"end":{"line":7,"column":2}},"loc":{"start":{"line":7,"column":20},"end":{"line":9,"column":2}},"line":7},"1":{"name":"(anonymous_1)","decl":{"start":{"line":10,"column":1},"end":{"line":10,"column":2}},"loc":{"start":{"line":10,"column":10},"end":{"line":19,"column":2}},"line":10}},"branchMap":{},"s":{"0":1,"1":1,"2":1,"3":1},"f":{"0":1,"1":1},"b":{},"_coverageSchema":"332fd63041d2c1bcb487cc26dd0d5f7d97098a6c","hash":"3132d9c91d3506e5a354e87768c4945e76c90d8e"}
,"/Users/juliendemarque/Documents/Programming-Coding/react-happy-video/library/lib/components/VideoPlayer/index.js": {"path":"/Users/juliendemarque/Documents/Programming-Coding/react-happy-video/library/lib/components/VideoPlayer/index.js","statementMap":{"0":{"start":{"line":1,"column":0},"end":{"line":null,"column":-1}},"1":{"start":{"line":2,"column":0},"end":{"line":null,"column":-1}},"2":{"start":{"line":3,"column":0},"end":{"line":null,"column":-1}},"3":{"start":{"line":4,"column":0},"end":{"line":null,"column":-1}},"4":{"start":{"line":5,"column":0},"end":{"line":null,"column":-1}},"5":{"start":{"line":6,"column":0},"end":{"line":null,"column":-1}},"6":{"start":{"line":7,"column":0},"end":{"line":null,"column":-1}},"7":{"start":{"line":8,"column":0},"end":{"line":null,"column":-1}},"8":{"start":{"line":18,"column":0},"end":{"line":null,"column":-1}},"9":{"start":{"line":19,"column":0},"end":{"line":null,"column":-1}},"10":{"start":{"line":29,"column":20},"end":{"line":null,"column":-1}},"11":{"start":{"line":31,"column":2},"end":{"line":null,"column":-1}},"12":{"start":{"line":32,"column":2},"end":{"line":null,"column":-1}},"13":{"start":{"line":42,"column":2},"end":{"line":null,"column":-1}},"14":{"start":{"line":43,"column":2},"end":{"line":null,"column":-1}},"15":{"start":{"line":44,"column":2},"end":{"line":null,"column":-1}},"16":{"start":{"line":45,"column":2},"end":{"line":null,"column":-1}},"17":{"start":{"line":46,"column":2},"end":{"line":null,"column":-1}},"18":{"start":{"line":47,"column":2},"end":{"line":null,"column":-1}},"19":{"start":{"line":50,"column":21},"end":{"line":null,"column":-1}},"20":{"start":{"line":51,"column":16},"end":{"line":51,"column":2}},"21":{"start":{"line":52,"column":15},"end":{"line":52,"column":2}},"22":{"start":{"line":53,"column":2},"end":{"line":null,"column":-1}},"23":{"start":{"line":54,"column":3},"end":{"line":null,"column":-1}},"24":{"start":{"line":57,"column":2},"end":{"line":null,"column":-1}},"25":{"start":{"line":58,"column":3},"end":{"line":null,"column":-1}},"26":{"start":{"line":60,"column":2},"end":{"line":null,"column":-1}},"27":{"start":{"line":61,"column":3},"end":{"line":null,"column":-1}},"28":{"start":{"line":64,"column":2},"end":{"line":null,"column":-1}},"29":{"start":{"line":65,"column":3},"end":{"line":null,"column":-1}},"30":{"start":{"line":66,"column":3},"end":{"line":null,"column":-1}},"31":{"start":{"line":66,"column":17},"end":{"line":null,"column":-1}},"32":{"start":{"line":71,"column":2},"end":{"line":null,"column":-1}},"33":{"start":{"line":72,"column":19},"end":{"line":72,"column":3}},"34":{"start":{"line":73,"column":3},"end":{"line":78,"column":4}},"35":{"start":{"line":74,"column":4},"end":{"line":null,"column":-1}},"36":{"start":{"line":75,"column":4},"end":{"line":null,"column":-1}},"37":{"start":{"line":76,"column":10},"end":{"line":78,"column":4}},"38":{"start":{"line":77,"column":4},"end":{"line":null,"column":-1}},"39":{"start":{"line":83,"column":16},"end":{"line":83,"column":2}},"40":{"start":{"line":84,"column":2},"end":{"line":null,"column":-1}},"41":{"start":{"line":85,"column":20},"end":{"line":85,"column":2}},"42":{"start":{"line":86,"column":2},"end":{"line":null,"column":-1}},"43":{"start":{"line":89,"column":18},"end":{"line":null,"column":-1}},"44":{"start":{"line":90,"column":16},"end":{"line":90,"column":2}},"45":{"start":{"line":92,"column":2},"end":{"line":104,"column":3}},"46":{"start":{"line":93,"column":3},"end":{"line":null,"column":-1}},"47":{"start":{"line":94,"column":3},"end":{"line":null,"column":-1}},"48":{"start":{"line":95,"column":3},"end":{"line":null,"column":-1}},"49":{"start":{"line":96,"column":4},"end":{"line":null,"column":-1}},"50":{"start":{"line":102,"column":3},"end":{"line":null,"column":-1}},"51":{"start":{"line":103,"column":3},"end":{"line":null,"column":-1}},"52":{"start":{"line":107,"column":18},"end":{"line":null,"column":-1}},"53":{"start":{"line":108,"column":16},"end":{"line":108,"column":2}},"54":{"start":{"line":109,"column":2},"end":{"line":116,"column":3}},"55":{"start":{"line":110,"column":3},"end":{"line":null,"column":-1}},"56":{"start":{"line":111,"column":4},"end":{"line":null,"column":-1}},"57":{"start":{"line":113,"column":5},"end":{"line":null,"column":-1}},"58":{"start":{"line":119,"column":17},"end":{"line":null,"column":-1}},"59":{"start":{"line":120,"column":16},"end":{"line":120,"column":2}},"60":{"start":{"line":121,"column":2},"end":{"line":128,"column":3}},"61":{"start":{"line":122,"column":3},"end":{"line":null,"column":-1}},"62":{"start":{"line":123,"column":4},"end":{"line":null,"column":-1}},"63":{"start":{"line":125,"column":5},"end":{"line":null,"column":-1}},"64":{"start":{"line":131,"column":27},"end":{"line":null,"column":-1}},"65":{"start":{"line":132,"column":16},"end":{"line":132,"column":2}},"66":{"start":{"line":133,"column":17},"end":{"line":133,"column":2}},"67":{"start":{"line":134,"column":2},"end":{"line":null,"column":-1}},"68":{"start":{"line":135,"column":3},"end":{"line":null,"column":-1}},"69":{"start":{"line":140,"column":2},"end":{"line":null,"column":-1}},"70":{"start":{"line":140,"column":16},"end":{"line":null,"column":-1}},"71":{"start":{"line":144,"column":35},"end":{"line":143,"column":10}},"72":{"start":{"line":143,"column":10},"end":{"line":143,"column":9}},"73":{"start":{"line":145,"column":67},"end":{"line":143,"column":10}},"74":{"start":{"line":146,"column":2},"end":{"line":null,"column":-1}},"75":{"start":{"line":196,"column":0},"end":{"line":null,"column":-1}}},"fnMap":{"0":{"name":"VideoPlayer","decl":{"start":{"line":29,"column":1},"end":{"line":29,"column":12}},"loc":{"start":{"line":29,"column":20},"end":{"line":48,"column":2}}},"1":{"name":"(anonymous_10)","decl":{"start":{"line":53,"column":21},"end":{"line":53,"column":26}},"loc":{"start":{"line":53,"column":27},"end":{"line":53,"column":2}}},"2":{"name":"(anonymous_11)","decl":{"start":{"line":57,"column":27},"end":{"line":57,"column":37}},"loc":{"start":{"line":57,"column":38},"end":{"line":57,"column":2}}},"3":{"name":"(anonymous_12)","decl":{"start":{"line":60,"column":18},"end":{"line":60,"column":28}},"loc":{"start":{"line":60,"column":29},"end":{"line":60,"column":2}}},"4":{"name":"(anonymous_13)","decl":{"start":{"line":64,"column":21},"end":{"line":64,"column":31}},"loc":{"start":{"line":64,"column":32},"end":{"line":64,"column":2}}},"5":{"name":"(anonymous_14)","decl":{"start":{"line":66,"column":17},"end":{"line":null,"column":-1}},"loc":{"start":{"line":66,"column":17},"end":{"line":66,"column":3}}},"6":{"name":"(anonymous_15)","decl":{"start":{"line":71,"column":39},"end":{"line":71,"column":47}},"loc":{"start":{"line":71,"column":48},"end":{"line":71,"column":2}}},"7":{"name":"(anonymous_18)","decl":{"start":{"line":95,"column":15},"end":{"line":95,"column":20}},"loc":{"start":{"line":95,"column":21},"end":{"line":95,"column":3}}},"8":{"name":"(anonymous_20)","decl":{"start":{"line":111,"column":4},"end":{"line":null,"column":-1}},"loc":{"start":{"line":111,"column":4},"end":{"line":110,"column":3}}},"9":{"name":"(anonymous_21)","decl":{"start":{"line":112,"column":4},"end":{"line":112,"column":9}},"loc":{"start":{"line":112,"column":10},"end":{"line":110,"column":3}}},"10":{"name":"(anonymous_23)","decl":{"start":{"line":123,"column":4},"end":{"line":null,"column":-1}},"loc":{"start":{"line":123,"column":4},"end":{"line":122,"column":3}}},"11":{"name":"(anonymous_24)","decl":{"start":{"line":124,"column":4},"end":{"line":124,"column":9}},"loc":{"start":{"line":124,"column":10},"end":{"line":122,"column":3}}},"12":{"name":"(anonymous_26)","decl":{"start":{"line":134,"column":28},"end":{"line":134,"column":33}},"loc":{"start":{"line":134,"column":34},"end":{"line":134,"column":2}}},"13":{"name":"(anonymous_28)","decl":{"start":{"line":140,"column":16},"end":{"line":null,"column":-1}},"loc":{"start":{"line":140,"column":16},"end":{"line":140,"column":2}}}},"branchMap":{"0":{"loc":{"start":{"line":29,"column":20},"end":{"line":30,"column":7}},"type":"binary-expr","locations":[{"start":{"line":29,"column":20},"end":{"line":30,"column":7}},{"start":{"line":29,"column":20},"end":{"line":30,"column":7}}]},"1":{"loc":{"start":{"line":73,"column":3},"end":{"line":78,"column":4}},"type":"if","locations":[{"start":{"line":73,"column":3},"end":{"line":78,"column":4}},{"start":{"line":73,"column":3},"end":{"line":78,"column":4}}]},"2":{"loc":{"start":{"line":73,"column":7},"end":{"line":73,"column":6}},"type":"binary-expr","locations":[{"start":{"line":73,"column":7},"end":{"line":73,"column":6}},{"start":{"line":73,"column":26},"end":{"line":73,"column":3}}]},"3":{"loc":{"start":{"line":76,"column":10},"end":{"line":78,"column":4}},"type":"if","locations":[{"start":{"line":76,"column":10},"end":{"line":78,"column":4}},{"start":{"line":76,"column":10},"end":{"line":78,"column":4}}]},"4":{"loc":{"start":{"line":76,"column":14},"end":{"line":76,"column":13}},"type":"binary-expr","locations":[{"start":{"line":76,"column":14},"end":{"line":76,"column":13}},{"start":{"line":76,"column":38},"end":{"line":76,"column":10}}]},"5":{"loc":{"start":{"line":92,"column":2},"end":{"line":104,"column":3}},"type":"if","locations":[{"start":{"line":92,"column":2},"end":{"line":104,"column":3}},{"start":{"line":92,"column":2},"end":{"line":104,"column":3}}]},"6":{"loc":{"start":{"line":109,"column":2},"end":{"line":116,"column":3}},"type":"if","locations":[{"start":{"line":109,"column":2},"end":{"line":116,"column":3}},{"start":{"line":109,"column":2},"end":{"line":116,"column":3}}]},"7":{"loc":{"start":{"line":121,"column":2},"end":{"line":128,"column":3}},"type":"if","locations":[{"start":{"line":121,"column":2},"end":{"line":128,"column":3}},{"start":{"line":121,"column":2},"end":{"line":128,"column":3}}]},"8":{"loc":{"start":{"line":164,"column":7},"end":{"line":163,"column":7}},"type":"cond-expr","locations":[{"start":{"line":164,"column":7},"end":{"line":163,"column":7}},{"start":{"line":166,"column":7},"end":{"line":null,"column":-1}}]},"9":{"loc":{"start":{"line":176,"column":7},"end":{"line":175,"column":7}},"type":"cond-expr","locations":[{"start":{"line":176,"column":7},"end":{"line":175,"column":7}},{"start":{"line":178,"column":7},"end":{"line":174,"column":5}}]},"10":{"loc":{"start":{"line":186,"column":38},"end":{"line":186,"column":14}},"type":"cond-expr","locations":[{"start":{"line":186,"column":38},"end":{"line":186,"column":14}},{"start":{"line":186,"column":51},"end":{"line":null,"column":-1}}]}},"s":{"0":0,"1":0,"2":0,"3":0,"4":0,"5":0,"6":0,"7":0,"8":0,"9":0,"10":0,"11":0,"12":0,"13":0,"14":0,"15":0,"16":0,"17":0,"18":0,"19":0,"20":0,"21":0,"22":0,"23":0,"24":0,"25":0,"26":0,"27":0,"28":0,"29":0,"30":0,"31":0,"32":0,"33":0,"34":0,"35":0,"36":0,"37":0,"38":0,"39":0,"40":0,"41":0,"42":0,"43":0,"44":0,"45":0,"46":0,"47":0,"48":0,"49":0,"50":0,"51":0,"52":0,"53":0,"54":0,"55":0,"56":0,"57":0,"58":0,"59":0,"60":0,"61":0,"62":0,"63":0,"64":0,"65":0,"66":0,"67":0,"68":0,"69":0,"70":0,"71":0,"72":0,"73":0,"74":0,"75":0},"f":{"0":0,"1":0,"2":0,"3":0,"4":0,"5":0,"6":0,"7":0,"8":0,"9":0,"10":0,"11":0,"12":0,"13":0},"b":{"0":[0,0],"1":[0,0],"2":[0,0],"3":[0,0],"4":[0,0],"5":[0,0],"6":[0,0],"7":[0,0],"8":[0,0],"9":[0,0],"10":[0,0]}}
,"/Users/juliendemarque/Documents/Programming-Coding/react-happy-video/library/lib/components/VolumeControl/index.js": {"path":"/Users/juliendemarque/Documents/Programming-Coding/react-happy-video/library/lib/components/VolumeControl/index.js","statementMap":{"0":{"start":{"line":12,"column":2},"end":{"line":12,"column":15}},"1":{"start":{"line":13,"column":2},"end":{"line":15,"column":4}},"2":{"start":{"line":16,"column":2},"end":{"line":16,"column":57}},"3":{"start":{"line":20,"column":2},"end":{"line":20,"column":68}},"4":{"start":{"line":20,"column":26},"end":{"line":20,"column":65}},"5":{"start":{"line":24,"column":21},"end":{"line":24,"column":31}},"6":{"start":{"line":26,"column":2},"end":{"line":32,"column":3}},"7":{"start":{"line":27,"column":3},"end":{"line":27,"column":50}},"8":{"start":{"line":28,"column":9},"end":{"line":32,"column":3}},"9":{"start":{"line":29,"column":3},"end":{"line":29,"column":48}},"10":{"start":{"line":31,"column":3},"end":{"line":31,"column":50}},"11":{"start":{"line":34,"column":2},"end":{"line":46,"column":4}}},"fnMap":{"0":{"name":"(anonymous_0)","decl":{"start":{"line":11,"column":1},"end":{"line":11,"column":2}},"loc":{"start":{"line":11,"column":20},"end":{"line":17,"column":2}},"line":11},"1":{"name":"(anonymous_1)","decl":{"start":{"line":19,"column":1},"end":{"line":19,"column":2}},"loc":{"start":{"line":19,"column":19},"end":{"line":21,"column":2}},"line":19},"2":{"name":"(anonymous_2)","decl":{"start":{"line":20,"column":16},"end":{"line":20,"column":17}},"loc":{"start":{"line":20,"column":26},"end":{"line":20,"column":65}},"line":20},"3":{"name":"(anonymous_3)","decl":{"start":{"line":23,"column":1},"end":{"line":23,"column":2}},"loc":{"start":{"line":23,"column":10},"end":{"line":47,"column":2}},"line":23}},"branchMap":{"0":{"loc":{"start":{"line":26,"column":2},"end":{"line":32,"column":3}},"type":"if","locations":[{"start":{"line":26,"column":2},"end":{"line":32,"column":3}},{"start":{"line":26,"column":2},"end":{"line":32,"column":3}}],"line":26},"1":{"loc":{"start":{"line":28,"column":9},"end":{"line":32,"column":3}},"type":"if","locations":[{"start":{"line":28,"column":9},"end":{"line":32,"column":3}},{"start":{"line":28,"column":9},"end":{"line":32,"column":3}}],"line":28},"2":{"loc":{"start":{"line":36,"column":5},"end":{"line":43,"column":5}},"type":"cond-expr","locations":[{"start":{"line":37,"column":5},"end":{"line":40,"column":7}},{"start":{"line":42,"column":5},"end":{"line":42,"column":7}}],"line":36}},"s":{"0":3,"1":3,"2":3,"3":1,"4":1,"5":5,"6":5,"7":0,"8":5,"9":0,"10":5,"11":5},"f":{"0":3,"1":1,"2":1,"3":5},"b":{"0":[0,5],"1":[0,5],"2":[2,3]},"_coverageSchema":"332fd63041d2c1bcb487cc26dd0d5f7d97098a6c","hash":"409924f467e7bad2a9649862c4aa0f12671a778b"}
,"/Users/juliendemarque/Documents/Programming-Coding/react-happy-video/library/lib/utils/format-seconds.js": {"path":"/Users/juliendemarque/Documents/Programming-Coding/react-happy-video/library/lib/utils/format-seconds.js","statementMap":{"0":{"start":{"line":2,"column":1},"end":{"line":6,"column":2}},"1":{"start":{"line":3,"column":2},"end":{"line":3,"column":61}},"2":{"start":{"line":5,"column":2},"end":{"line":5,"column":62}}},"fnMap":{"0":{"name":"formatSeconds","decl":{"start":{"line":1,"column":16},"end":{"line":1,"column":29}},"loc":{"start":{"line":1,"column":36},"end":{"line":7,"column":1}},"line":1}},"branchMap":{"0":{"loc":{"start":{"line":2,"column":1},"end":{"line":6,"column":2}},"type":"if","locations":[{"start":{"line":2,"column":1},"end":{"line":6,"column":2}},{"start":{"line":2,"column":1},"end":{"line":6,"column":2}}],"line":2}},"s":{"0":2,"1":1,"2":1},"f":{"0":2},"b":{"0":[1,1]},"_coverageSchema":"332fd63041d2c1bcb487cc26dd0d5f7d97098a6c","hash":"addf1c63a8d7381fef0217563324caefa414e49b"}
}
