{"/Users/juliendemarque/Documents/Programming-Coding/react-happy-video/library/lib/components/ProgressBar/index.js": {"path":"/Users/juliendemarque/Documents/Programming-Coding/react-happy-video/library/lib/components/ProgressBar/index.js","statementMap":{"0":{"start":{"line":9,"column":2},"end":{"line":9,"column":15}},"1":{"start":{"line":10,"column":2},"end":{"line":10,"column":53}},"2":{"start":{"line":14,"column":18},"end":{"line":14,"column":37}},"3":{"start":{"line":15,"column":12},"end":{"line":15,"column":64}},"4":{"start":{"line":16,"column":16},"end":{"line":16,"column":35}},"5":{"start":{"line":17,"column":19},"end":{"line":17,"column":28}},"6":{"start":{"line":18,"column":2},"end":{"line":18,"column":39}},"7":{"start":{"line":22,"column":35},"end":{"line":22,"column":45}},"8":{"start":{"line":23,"column":2},"end":{"line":29,"column":4}},"9":{"start":{"line":33,"column":0},"end":{"line":35,"column":2}}},"fnMap":{"0":{"name":"(anonymous_0)","decl":{"start":{"line":8,"column":1},"end":{"line":8,"column":2}},"loc":{"start":{"line":8,"column":20},"end":{"line":11,"column":2}},"line":8},"1":{"name":"(anonymous_1)","decl":{"start":{"line":13,"column":1},"end":{"line":13,"column":2}},"loc":{"start":{"line":13,"column":22},"end":{"line":19,"column":2}},"line":13},"2":{"name":"(anonymous_2)","decl":{"start":{"line":21,"column":1},"end":{"line":21,"column":2}},"loc":{"start":{"line":21,"column":10},"end":{"line":30,"column":2}},"line":21}},"branchMap":{},"s":{"0":2,"1":2,"2":1,"3":1,"4":1,"5":1,"6":1,"7":2,"8":2,"9":1},"f":{"0":2,"1":1,"2":2},"b":{},"_coverageSchema":"332fd63041d2c1bcb487cc26dd0d5f7d97098a6c","hash":"05429eb31a51eeec5764d590255520547e2aa782"}
,"/Users/juliendemarque/Documents/Programming-Coding/react-happy-video/library/lib/components/SpeedControl/index.js": {"path":"/Users/juliendemarque/Documents/Programming-Coding/react-happy-video/library/lib/components/SpeedControl/index.js","statementMap":{"0":{"start":{"line":17,"column":2},"end":{"line":17,"column":15}},"1":{"start":{"line":21,"column":51},"end":{"line":21,"column":61}},"2":{"start":{"line":22,"column":2},"end":{"line":35,"column":4}},"3":{"start":{"line":39,"column":0},"end":{"line":43,"column":2}}},"fnMap":{"0":{"name":"(anonymous_0)","decl":{"start":{"line":16,"column":1},"end":{"line":16,"column":2}},"loc":{"start":{"line":16,"column":20},"end":{"line":18,"column":2}},"line":16},"1":{"name":"(anonymous_1)","decl":{"start":{"line":20,"column":1},"end":{"line":20,"column":2}},"loc":{"start":{"line":20,"column":10},"end":{"line":36,"column":2}},"line":20}},"branchMap":{},"s":{"0":3,"1":3,"2":3,"3":1},"f":{"0":3,"1":3},"b":{},"_coverageSchema":"332fd63041d2c1bcb487cc26dd0d5f7d97098a6c","hash":"87c45e495bfdac2608485d463f07951f07be3311"}
,"/Users/juliendemarque/Documents/Programming-Coding/react-happy-video/library/lib/components/TimeDisplay/index.js": {"path":"/Users/juliendemarque/Documents/Programming-Coding/react-happy-video/library/lib/components/TimeDisplay/index.js","statementMap":{"0":{"start":{"line":8,"column":2},"end":{"line":8,"column":15}},"1":{"start":{"line":11,"column":29},"end":{"line":11,"column":39}},"2":{"start":{"line":12,"column":2},"end":{"line":18,"column":4}},"3":{"start":{"line":22,"column":0},"end":{"line":25,"column":2}}},"fnMap":{"0":{"name":"(anonymous_0)","decl":{"start":{"line":7,"column":1},"end":{"line":7,"column":2}},"loc":{"start":{"line":7,"column":20},"end":{"line":9,"column":2}},"line":7},"1":{"name":"(anonymous_1)","decl":{"start":{"line":10,"column":1},"end":{"line":10,"column":2}},"loc":{"start":{"line":10,"column":10},"end":{"line":19,"column":2}},"line":10}},"branchMap":{},"s":{"0":1,"1":1,"2":1,"3":1},"f":{"0":1,"1":1},"b":{},"_coverageSchema":"332fd63041d2c1bcb487cc26dd0d5f7d97098a6c","hash":"3132d9c91d3506e5a354e87768c4945e76c90d8e"}
,"/Users/juliendemarque/Documents/Programming-Coding/react-happy-video/library/lib/components/VolumeControl/index.js": {"path":"/Users/juliendemarque/Documents/Programming-Coding/react-happy-video/library/lib/components/VolumeControl/index.js","statementMap":{"0":{"start":{"line":12,"column":2},"end":{"line":12,"column":15}},"1":{"start":{"line":13,"column":2},"end":{"line":15,"column":4}},"2":{"start":{"line":16,"column":2},"end":{"line":16,"column":57}},"3":{"start":{"line":20,"column":2},"end":{"line":20,"column":68}},"4":{"start":{"line":20,"column":26},"end":{"line":20,"column":65}},"5":{"start":{"line":24,"column":21},"end":{"line":24,"column":31}},"6":{"start":{"line":26,"column":2},"end":{"line":32,"column":3}},"7":{"start":{"line":27,"column":3},"end":{"line":27,"column":50}},"8":{"start":{"line":28,"column":9},"end":{"line":32,"column":3}},"9":{"start":{"line":29,"column":3},"end":{"line":29,"column":48}},"10":{"start":{"line":31,"column":3},"end":{"line":31,"column":50}},"11":{"start":{"line":34,"column":2},"end":{"line":46,"column":4}}},"fnMap":{"0":{"name":"(anonymous_0)","decl":{"start":{"line":11,"column":1},"end":{"line":11,"column":2}},"loc":{"start":{"line":11,"column":20},"end":{"line":17,"column":2}},"line":11},"1":{"name":"(anonymous_1)","decl":{"start":{"line":19,"column":1},"end":{"line":19,"column":2}},"loc":{"start":{"line":19,"column":19},"end":{"line":21,"column":2}},"line":19},"2":{"name":"(anonymous_2)","decl":{"start":{"line":20,"column":16},"end":{"line":20,"column":17}},"loc":{"start":{"line":20,"column":26},"end":{"line":20,"column":65}},"line":20},"3":{"name":"(anonymous_3)","decl":{"start":{"line":23,"column":1},"end":{"line":23,"column":2}},"loc":{"start":{"line":23,"column":10},"end":{"line":47,"column":2}},"line":23}},"branchMap":{"0":{"loc":{"start":{"line":26,"column":2},"end":{"line":32,"column":3}},"type":"if","locations":[{"start":{"line":26,"column":2},"end":{"line":32,"column":3}},{"start":{"line":26,"column":2},"end":{"line":32,"column":3}}],"line":26},"1":{"loc":{"start":{"line":28,"column":9},"end":{"line":32,"column":3}},"type":"if","locations":[{"start":{"line":28,"column":9},"end":{"line":32,"column":3}},{"start":{"line":28,"column":9},"end":{"line":32,"column":3}}],"line":28},"2":{"loc":{"start":{"line":36,"column":5},"end":{"line":43,"column":5}},"type":"cond-expr","locations":[{"start":{"line":37,"column":5},"end":{"line":40,"column":7}},{"start":{"line":42,"column":5},"end":{"line":42,"column":7}}],"line":36}},"s":{"0":3,"1":3,"2":3,"3":1,"4":1,"5":5,"6":5,"7":0,"8":5,"9":0,"10":5,"11":5},"f":{"0":3,"1":1,"2":1,"3":5},"b":{"0":[0,5],"1":[0,5],"2":[2,3]},"_coverageSchema":"332fd63041d2c1bcb487cc26dd0d5f7d97098a6c","hash":"409924f467e7bad2a9649862c4aa0f12671a778b"}
,"/Users/juliendemarque/Documents/Programming-Coding/react-happy-video/library/lib/utils/format-seconds.js": {"path":"/Users/juliendemarque/Documents/Programming-Coding/react-happy-video/library/lib/utils/format-seconds.js","statementMap":{"0":{"start":{"line":2,"column":1},"end":{"line":6,"column":2}},"1":{"start":{"line":3,"column":2},"end":{"line":3,"column":61}},"2":{"start":{"line":5,"column":2},"end":{"line":5,"column":62}}},"fnMap":{"0":{"name":"formatSeconds","decl":{"start":{"line":1,"column":16},"end":{"line":1,"column":29}},"loc":{"start":{"line":1,"column":36},"end":{"line":7,"column":1}},"line":1}},"branchMap":{"0":{"loc":{"start":{"line":2,"column":1},"end":{"line":6,"column":2}},"type":"if","locations":[{"start":{"line":2,"column":1},"end":{"line":6,"column":2}},{"start":{"line":2,"column":1},"end":{"line":6,"column":2}}],"line":2}},"s":{"0":2,"1":1,"2":1},"f":{"0":2},"b":{"0":[1,1]},"_coverageSchema":"332fd63041d2c1bcb487cc26dd0d5f7d97098a6c","hash":"addf1c63a8d7381fef0217563324caefa414e49b"}
}
