TN:
SF:/Users/juliendemarque/Documents/Programming-Coding/react-happy-video/library/lib/components/ProgressBar/index.js
FN:8,(anonymous_0)
FN:13,(anonymous_1)
FN:21,(anonymous_2)
FNF:3
FNH:3
FNDA:2,(anonymous_0)
FNDA:1,(anonymous_1)
FNDA:2,(anonymous_2)
DA:9,2
DA:10,2
DA:14,1
DA:15,1
DA:16,1
DA:17,1
DA:18,1
DA:22,2
DA:23,2
DA:33,1
LF:10
LH:10
BRF:0
BRH:0
end_of_record
TN:
SF:/Users/juliendemarque/Documents/Programming-Coding/react-happy-video/library/lib/components/SpeedControl/index.js
FN:16,(anonymous_0)
FN:20,(anonymous_1)
FNF:2
FNH:2
FNDA:3,(anonymous_0)
FNDA:3,(anonymous_1)
DA:17,3
DA:21,3
DA:22,3
DA:39,1
LF:4
LH:4
BRF:0
BRH:0
end_of_record
TN:
SF:/Users/juliendemarque/Documents/Programming-Coding/react-happy-video/library/lib/components/TimeDisplay/index.js
FN:7,(anonymous_0)
FN:10,(anonymous_1)
FNF:2
FNH:2
FNDA:1,(anonymous_0)
FNDA:1,(anonymous_1)
DA:8,1
DA:11,1
DA:12,1
DA:22,1
LF:4
LH:4
BRF:0
BRH:0
end_of_record
TN:
SF:/Users/juliendemarque/Documents/Programming-Coding/react-happy-video/library/lib/components/VideoPlayer/index.js
FN:29,VideoPlayer
FN:53,(anonymous_10)
FN:57,(anonymous_11)
FN:60,(anonymous_12)
FN:64,(anonymous_13)
FN:66,(anonymous_14)
FN:71,(anonymous_15)
FN:95,(anonymous_18)
FN:111,(anonymous_20)
FN:112,(anonymous_21)
FN:123,(anonymous_23)
FN:124,(anonymous_24)
FN:134,(anonymous_26)
FN:140,(anonymous_28)
FNF:14
FNH:0
FNDA:0,VideoPlayer
FNDA:0,(anonymous_10)
FNDA:0,(anonymous_11)
FNDA:0,(anonymous_12)
FNDA:0,(anonymous_13)
FNDA:0,(anonymous_14)
FNDA:0,(anonymous_15)
FNDA:0,(anonymous_18)
FNDA:0,(anonymous_20)
FNDA:0,(anonymous_21)
FNDA:0,(anonymous_23)
FNDA:0,(anonymous_24)
FNDA:0,(anonymous_26)
FNDA:0,(anonymous_28)
DA:1,0
DA:2,0
DA:3,0
DA:4,0
DA:5,0
DA:6,0
DA:7,0
DA:8,0
DA:18,0
DA:19,0
DA:29,0
DA:31,0
DA:32,0
DA:42,0
DA:43,0
DA:44,0
DA:45,0
DA:46,0
DA:47,0
DA:50,0
DA:51,0
DA:52,0
DA:53,0
DA:54,0
DA:57,0
DA:58,0
DA:60,0
DA:61,0
DA:64,0
DA:65,0
DA:66,0
DA:71,0
DA:72,0
DA:73,0
DA:74,0
DA:75,0
DA:76,0
DA:77,0
DA:83,0
DA:84,0
DA:85,0
DA:86,0
DA:89,0
DA:90,0
DA:92,0
DA:93,0
DA:94,0
DA:95,0
DA:96,0
DA:102,0
DA:103,0
DA:107,0
DA:108,0
DA:109,0
DA:110,0
DA:111,0
DA:113,0
DA:119,0
DA:120,0
DA:121,0
DA:122,0
DA:123,0
DA:125,0
DA:131,0
DA:132,0
DA:133,0
DA:134,0
DA:135,0
DA:140,0
DA:143,0
DA:144,0
DA:145,0
DA:146,0
DA:196,0
LF:74
LH:0
BRDA:29,0,0,0
BRDA:29,0,1,0
BRDA:73,1,0,0
BRDA:73,1,1,0
BRDA:73,2,0,0
BRDA:73,2,1,0
BRDA:76,3,0,0
BRDA:76,3,1,0
BRDA:76,4,0,0
BRDA:76,4,1,0
BRDA:92,5,0,0
BRDA:92,5,1,0
BRDA:109,6,0,0
BRDA:109,6,1,0
BRDA:121,7,0,0
BRDA:121,7,1,0
BRDA:164,8,0,0
BRDA:164,8,1,0
BRDA:176,9,0,0
BRDA:176,9,1,0
BRDA:186,10,0,0
BRDA:186,10,1,0
BRF:22
BRH:0
end_of_record
TN:
SF:/Users/juliendemarque/Documents/Programming-Coding/react-happy-video/library/lib/components/VolumeControl/index.js
FN:11,(anonymous_0)
FN:19,(anonymous_1)
FN:20,(anonymous_2)
FN:23,(anonymous_3)
FNF:4
FNH:4
FNDA:3,(anonymous_0)
FNDA:1,(anonymous_1)
FNDA:1,(anonymous_2)
FNDA:5,(anonymous_3)
DA:12,3
DA:13,3
DA:16,3
DA:20,1
DA:24,5
DA:26,5
DA:27,0
DA:28,5
DA:29,0
DA:31,5
DA:34,5
LF:11
LH:9
BRDA:26,0,0,0
BRDA:26,0,1,5
BRDA:28,1,0,0
BRDA:28,1,1,5
BRDA:36,2,0,2
BRDA:36,2,1,3
BRF:6
BRH:4
end_of_record
TN:
SF:/Users/juliendemarque/Documents/Programming-Coding/react-happy-video/library/lib/utils/format-seconds.js
FN:1,formatSeconds
FNF:1
FNH:1
FNDA:2,formatSeconds
DA:2,2
DA:3,1
DA:5,1
LF:3
LH:3
BRDA:2,0,0,1
BRDA:2,0,1,1
BRF:2
BRH:2
end_of_record
